This file contains any messages produced by compilers while
running configure, to aid debugging if configure makes a mistake.

It was created by configure, which was
generated by GNU Autoconf 2.67.  Invocation command line was

  $ ./configure --prefix=/usr

## --------- ##
## Platform. ##
## --------- ##

hostname = inhert
uname -m = i686
uname -r = 2.6.32-5-686-bigmem
uname -s = Linux
uname -v = #1 SMP Tue Mar 8 22:14:55 UTC 2011

/usr/bin/uname -p = unknown
/bin/uname -X     = unknown

/bin/arch              = unknown
/usr/bin/arch -k       = unknown
/usr/convex/getsysinfo = unknown
/usr/bin/hostinfo      = unknown
/bin/machine           = unknown
/usr/bin/oslevel       = unknown
/bin/universe          = unknown

PATH: /usr/local/sbin
PATH: /usr/local/bin
PATH: /usr/sbin
PATH: /usr/bin
PATH: /sbin
PATH: /bin
PATH: /home/rkj/code/android/sdk/platform-tools


## ----------- ##
## Core tests. ##
## ----------- ##

configure:1767: checking for a BSD-compatible install
configure:1835: result: /usr/bin/install -c
configure:1846: checking whether build environment is sane
configure:1896: result: yes
configure:2037: checking for a thread-safe mkdir -p
configure:2076: result: /bin/mkdir -p
configure:2089: checking for gawk
configure:2105: found /usr/bin/gawk
configure:2116: result: gawk
configure:2127: checking whether make sets $(MAKE)
configure:2149: result: yes
configure:2231: checking whether to enable maintainer-specific portions of Makefiles
configure:2240: result: no
configure:2264: checking for python
configure:2282: found /usr/bin/python
configure:2294: result: /usr/bin/python
configure:2315: checking for python version
configure:2322: result: 2.6
configure:2334: checking for python platform
configure:2341: result: linux2
configure:2348: checking for python script directory
configure:2377: result: ${prefix}/lib/python2.6/dist-packages
configure:2386: checking for python extension module directory
configure:2415: result: ${exec_prefix}/lib/python2.6/dist-packages
configure:2482: checking for pkg-config
configure:2500: found /usr/bin/pkg-config
configure:2512: result: /usr/bin/pkg-config
configure:2537: checking pkg-config is at least version 0.9.0
configure:2540: result: yes
configure:2550: checking for PYGTK
configure:2557: $PKG_CONFIG --exists --print-errors "pygtk-2.0 gnome-python-2.0"
configure:2560: $? = 0
configure:2573: $PKG_CONFIG --exists --print-errors "pygtk-2.0 gnome-python-2.0"
configure:2576: $? = 0
configure:2633: result: yes
configure:2649: checking whether NLS is requested
configure:2658: result: yes
configure:2699: checking for msgfmt
configure: trying /usr/bin/msgfmt...
0 translated messages.
configure:2731: result: /usr/bin/msgfmt
configure:2740: checking for gmsgfmt
configure:2771: result: /usr/bin/msgfmt
configure:2822: checking for xgettext
configure: trying /usr/bin/xgettext...
/usr/bin/xgettext: warning: file `/dev/null' extension `' is unknown; will try C
configure:2854: result: /usr/bin/xgettext
configure:2900: checking for msgmerge
configure: trying /usr/bin/msgmerge...
configure:2931: result: /usr/bin/msgmerge
configure:3095: creating ./config.status

## ---------------------- ##
## Running config.status. ##
## ---------------------- ##

This file was extended by config.status, which was
generated by GNU Autoconf 2.67.  Invocation command line was

  CONFIG_FILES    = 
  CONFIG_HEADERS  = 
  CONFIG_LINKS    = 
  CONFIG_COMMANDS = 
  $ ./config.status 

on inhert

config.status:792: creating Makefile
config.status:963: executing po-directories commands

## ---------------- ##
## Cache variables. ##
## ---------------- ##

ac_cv_env_PKG_CONFIG_LIBDIR_set=
ac_cv_env_PKG_CONFIG_LIBDIR_value=
ac_cv_env_PKG_CONFIG_PATH_set=
ac_cv_env_PKG_CONFIG_PATH_value=
ac_cv_env_PKG_CONFIG_set=
ac_cv_env_PKG_CONFIG_value=
ac_cv_env_PYGTK_CFLAGS_set=
ac_cv_env_PYGTK_CFLAGS_value=
ac_cv_env_PYGTK_LIBS_set=
ac_cv_env_PYGTK_LIBS_value=
ac_cv_env_build_alias_set=
ac_cv_env_build_alias_value=
ac_cv_env_host_alias_set=
ac_cv_env_host_alias_value=
ac_cv_env_target_alias_set=
ac_cv_env_target_alias_value=
ac_cv_path_GMSGFMT=/usr/bin/msgfmt
ac_cv_path_MSGFMT=/usr/bin/msgfmt
ac_cv_path_MSGMERGE=/usr/bin/msgmerge
ac_cv_path_PYTHON=/usr/bin/python
ac_cv_path_XGETTEXT=/usr/bin/xgettext
ac_cv_path_ac_pt_PKG_CONFIG=/usr/bin/pkg-config
ac_cv_path_install='/usr/bin/install -c'
ac_cv_path_mkdir=/bin/mkdir
ac_cv_prog_AWK=gawk
ac_cv_prog_make_make_set=yes
am_cv_python_platform=linux2
am_cv_python_pyexecdir='${exec_prefix}/lib/python2.6/dist-packages'
am_cv_python_pythondir='${prefix}/lib/python2.6/dist-packages'
am_cv_python_version=2.6
pkg_cv_PYGTK_CFLAGS='-pthread -I/usr/include/pygtk-2.0 -I/usr/include/glib-2.0 -I/usr/lib/glib-2.0/include -I/usr/include/gnome-python-2.0  '
pkg_cv_PYGTK_LIBS='-pthread -lgobject-2.0 -lgthread-2.0 -lrt -lglib-2.0  '

## ----------------- ##
## Output variables. ##
## ----------------- ##

ACLOCAL='${SHELL} /home/rkj/code/ws-name/missing --run aclocal-1.11'
AMTAR='${SHELL} /home/rkj/code/ws-name/missing --run tar'
AUTOCONF='${SHELL} /home/rkj/code/ws-name/missing --run autoconf'
AUTOHEADER='${SHELL} /home/rkj/code/ws-name/missing --run autoheader'
AUTOMAKE='${SHELL} /home/rkj/code/ws-name/missing --run automake-1.11'
AWK='gawk'
CYGPATH_W='echo'
DEFS='-DPACKAGE_NAME=\"\" -DPACKAGE_TARNAME=\"\" -DPACKAGE_VERSION=\"\" -DPACKAGE_STRING=\"\" -DPACKAGE_BUGREPORT=\"\" -DPACKAGE_URL=\"\" -DPACKAGE=\"wsname\" -DVERSION=\"0.0.1\" -DGETTEXT_PACKAGE=\"wsname\"'
ECHO_C=''
ECHO_N='-n'
ECHO_T=''
GETTEXT_MACRO_VERSION='0.18'
GETTEXT_PACKAGE='wsname'
GMSGFMT='/usr/bin/msgfmt'
GMSGFMT_015='/usr/bin/msgfmt'
INSTALL_DATA='${INSTALL} -m 644'
INSTALL_PROGRAM='${INSTALL}'
INSTALL_SCRIPT='${INSTALL}'
INSTALL_STRIP_PROGRAM='$(install_sh) -c -s'
LIBOBJS=''
LIBS=''
LTLIBOBJS=''
MAINT='#'
MAINTAINER_MODE_FALSE=''
MAINTAINER_MODE_TRUE='#'
MAKEINFO='${SHELL} /home/rkj/code/ws-name/missing --run makeinfo'
MKDIR_P='/bin/mkdir -p'
MSGFMT='/usr/bin/msgfmt'
MSGFMT_015='/usr/bin/msgfmt'
MSGMERGE='/usr/bin/msgmerge'
PACKAGE='wsname'
PACKAGE_BUGREPORT=''
PACKAGE_NAME=''
PACKAGE_STRING=''
PACKAGE_TARNAME=''
PACKAGE_URL=''
PACKAGE_VERSION=''
PATH_SEPARATOR=':'
PKG_CONFIG='/usr/bin/pkg-config'
PKG_CONFIG_LIBDIR=''
PKG_CONFIG_PATH=''
PYGTK_CFLAGS='-pthread -I/usr/include/pygtk-2.0 -I/usr/include/glib-2.0 -I/usr/lib/glib-2.0/include -I/usr/include/gnome-python-2.0  '
PYGTK_LIBS='-pthread -lgobject-2.0 -lgthread-2.0 -lrt -lglib-2.0  '
PYTHON='/usr/bin/python'
PYTHON_EXEC_PREFIX='${exec_prefix}'
PYTHON_PLATFORM='linux2'
PYTHON_PREFIX='${prefix}'
PYTHON_VERSION='2.6'
SET_MAKE=''
SHELL='/bin/bash'
STRIP=''
USE_NLS='yes'
VERSION='0.0.1'
XGETTEXT='/usr/bin/xgettext'
XGETTEXT_015='/usr/bin/xgettext'
XGETTEXT_EXTRA_OPTIONS=''
am__isrc=''
am__leading_dot='.'
am__tar='${AMTAR} chof - "$$tardir"'
am__untar='${AMTAR} xf -'
bindir='${exec_prefix}/bin'
build_alias=''
datadir='${datarootdir}'
datarootdir='${prefix}/share'
docdir='${datarootdir}/doc/${PACKAGE}'
dvidir='${docdir}'
exec_prefix='${prefix}'
host_alias=''
htmldir='${docdir}'
includedir='${prefix}/include'
infodir='${datarootdir}/info'
install_sh='${SHELL} /home/rkj/code/ws-name/install-sh'
libdir='${exec_prefix}/lib'
libexecdir='${exec_prefix}/libexec'
localedir='${datarootdir}/locale'
localstatedir='${prefix}/var'
mandir='${datarootdir}/man'
mkdir_p='/bin/mkdir -p'
oldincludedir='/usr/include'
pdfdir='${docdir}'
pkgpyexecdir='${pyexecdir}/wsname'
pkgpythondir='${pythondir}/wsname'
prefix='/usr'
program_transform_name='s,x,x,'
psdir='${docdir}'
pyexecdir='${exec_prefix}/lib/python2.6/dist-packages'
pythondir='${prefix}/lib/python2.6/dist-packages'
sbindir='${exec_prefix}/sbin'
sharedstatedir='${prefix}/com'
sysconfdir='${prefix}/etc'
target_alias=''

## ----------- ##
## confdefs.h. ##
## ----------- ##

/* confdefs.h */
#define PACKAGE_NAME ""
#define PACKAGE_TARNAME ""
#define PACKAGE_VERSION ""
#define PACKAGE_STRING ""
#define PACKAGE_BUGREPORT ""
#define PACKAGE_URL ""
#define PACKAGE "wsname"
#define VERSION "0.0.1"
#define GETTEXT_PACKAGE "wsname"

configure: exit 0
